0 info it worked if it ends with ok
1 verbose cli [ '/usr/bin/nodejs', '/usr/bin/npm', 'run', 'test_frontend' ]
2 info using npm@3.10.8
3 info using node@v6.9.1
4 verbose run-script [ 'pretest_frontend', 'test_frontend', 'posttest_frontend' ]
5 info lifecycle abacu@0.0.0~pretest_frontend: abacu@0.0.0
6 silly lifecycle abacu@0.0.0~pretest_frontend: no script for pretest_frontend, continuing
7 info lifecycle abacu@0.0.0~test_frontend: abacu@0.0.0
8 verbose lifecycle abacu@0.0.0~test_frontend: unsafe-perm in lifecycle true
9 verbose lifecycle abacu@0.0.0~test_frontend: PATH: /usr/lib/node_modules/npm/bin/node-gyp-bin:/home/sergey/Agiliumlabs/Abacus-mvp/node_modules/.bin:/bin:/user/bin:/user/local/sbin:/user/local/bin:/usr/bin:/sbin:
10 verbose lifecycle abacu@0.0.0~test_frontend: CWD: /home/sergey/Agiliumlabs/Abacus-mvp
11 silly lifecycle abacu@0.0.0~test_frontend: Args: [ '-c', 'grunt test' ]
12 silly lifecycle abacu@0.0.0~test_frontend: Returned: code: 3  signal: null
13 info lifecycle abacu@0.0.0~test_frontend: Failed to exec test_frontend script
14 verbose stack Error: abacu@0.0.0 test_frontend: `grunt test`
14 verbose stack Exit status 3
14 verbose stack     at EventEmitter.<anonymous> (/usr/lib/node_modules/npm/lib/utils/lifecycle.js:255:16)
14 verbose stack     at emitTwo (events.js:106:13)
14 verbose stack     at EventEmitter.emit (events.js:191:7)
14 verbose stack     at ChildProcess.<anonymous> (/usr/lib/node_modules/npm/lib/utils/spawn.js:40:14)
14 verbose stack     at emitTwo (events.js:106:13)
14 verbose stack     at ChildProcess.emit (events.js:191:7)
14 verbose stack     at maybeClose (internal/child_process.js:877:16)
14 verbose stack     at Process.ChildProcess._handle.onexit (internal/child_process.js:226:5)
15 verbose pkgid abacu@0.0.0
16 verbose cwd /home/sergey/Agiliumlabs/Abacus-mvp
17 error Linux 4.4.0-47-generic
18 error argv "/usr/bin/nodejs" "/usr/bin/npm" "run" "test_frontend"
19 error node v6.9.1
20 error npm  v3.10.8
21 error code ELIFECYCLE
22 error abacu@0.0.0 test_frontend: `grunt test`
22 error Exit status 3
23 error Failed at the abacu@0.0.0 test_frontend script 'grunt test'.
23 error Make sure you have the latest version of node.js and npm installed.
23 error If you do, this is most likely a problem with the abacu package,
23 error not with npm itself.
23 error Tell the author that this fails on your system:
23 error     grunt test
23 error You can get information on how to open an issue for this project with:
23 error     npm bugs abacu
23 error Or if that isn't available, you can get their info via:
23 error     npm owner ls abacu
23 error There is likely additional logging output above.
24 verbose exit [ 1, true ]
